<?xml version="1.0" encoding="UTF-8"?>
<Site BuildName="Win32-MSBuild"
	BuildStamp="20260207-0058-Experimental"
	Name="VSDESKTOP"
	Generator="ctest-4.2.2"
	CompilerName="C:/Program Files (x86)/Microsoft Visual Studio/18/BuildTools/VC/Tools/MSVC/14.50.35717/bin/Hostx64/x64/cl.exe"
	CompilerVersion="19.50.35722.0"
	OSName="Windows"
	Hostname="VSDESKTOP"
	OSRelease="10.0.26200"
	OSVersion="Windows 10"
	OSPlatform="AMD64"
	Is64Bits="1"
	VendorString="AuthenticAMD"
	VendorID="Advanced Micro Devices"
	FamilyID="15"
	ModelID="1"
	ModelName="AMD Ryzen 7 7800X3D 8-Core Processor"
	ProcessorCacheSize="64"
	NumberOfLogicalCPU="16"
	NumberOfPhysicalCPU="8"
	TotalVirtualMemory="37312"
	TotalPhysicalMemory="32448"
	LogicalProcessorsPerPhysical="2"
	ProcessorClockFrequency="4201"
	>
	<Testing>
		<StartDateTime>Feb 10 04:59 Pacific Standard Time</StartDateTime>
		<StartTestTime>1770728343</StartTestTime>
		<TestList/>
		<EndDateTime>Feb 10 04:59 Pacific Standard Time</EndDateTime>
		<EndTestTime>1770728343</EndTestTime>
		<ElapsedMinutes>0</ElapsedMinutes>
	</Testing>
</Site>
