<?xml version="1.0" encoding="UTF-8"?>
<Site BuildName="Win32-ninja"
	BuildStamp="20260207-0058-Experimental"
	Name="laptop14"
	Generator="ctest-4.2.1"
	CompilerName="C:/Program Files (x86)/Microsoft Visual Studio/18/BuildTools/VC/Tools/MSVC/14.50.35717/bin/Hostx64/x64/cl.exe"
	CompilerVersion="19.50.35721.0"
	OSName="Windows"
	Hostname="laptop14"
	OSRelease="10.0.26100"
	OSVersion="Windows 10"
	OSPlatform="AMD64"
	Is64Bits="1"
	VendorString="GenuineIntel"
	VendorID="Intel Corporation"
	FamilyID="6"
	ModelID="10"
	ModelName=""
	ProcessorCacheSize="-1"
	NumberOfLogicalCPU="22"
	NumberOfPhysicalCPU="16"
	TotalVirtualMemory="26492"
	TotalPhysicalMemory="15740"
	LogicalProcessorsPerPhysical="1"
	ProcessorClockFrequency="1400"
	>
	<Testing>
		<StartDateTime>Feb 07 19:42 Pacific Standard Time</StartDateTime>
		<StartTestTime>1770522141</StartTestTime>
		<TestList/>
		<EndDateTime>Feb 07 19:42 Pacific Standard Time</EndDateTime>
		<EndTestTime>1770522141</EndTestTime>
		<ElapsedMinutes>0</ElapsedMinutes>
	</Testing>
</Site>
